mode: set
bookings/internal/forms/errors.go:6.44,8.2 1 1
bookings/internal/forms/errors.go:11.42,13.18 2 0
bookings/internal/forms/errors.go:13.18,15.3 1 0
bookings/internal/forms/errors.go:17.2,17.14 1 0
bookings/internal/forms/foms.go:18.29,20.2 1 1
bookings/internal/forms/foms.go:23.33,28.2 1 1
bookings/internal/forms/foms.go:31.43,32.31 1 1
bookings/internal/forms/foms.go:32.31,34.37 2 1
bookings/internal/forms/foms.go:34.37,36.4 1 1
bookings/internal/forms/foms.go:41.39,44.2 2 1
bookings/internal/forms/foms.go:47.57,50.21 2 1
bookings/internal/forms/foms.go:50.21,53.3 2 1
bookings/internal/forms/foms.go:54.2,54.13 1 1
bookings/internal/forms/foms.go:58.38,59.40 1 1
bookings/internal/forms/foms.go:59.40,61.3 1 1
